
  ___  ____  ____  ____  ____ ®
 /__    /   ____/   /   ____/      17.0
___/   /   /___/   /   /___/       MP—Parallel Edition

 Statistics and Data Science       Copyright 1985-2021 StataCorp LLC
                                   StataCorp
                                   4905 Lakeway Drive
                                   College Station, Texas 77845 USA
                                   800-STATA-PC        https://www.stata.com
                                   979-696-4600        stata@stata.com

Stata license: Single-user 2-core  perpetual
Serial number: 501706328764
  Licensed to: Miklos Koren
               CEU MicroData

Notes:
      1. Stata is running in batch mode.
      2. Unicode is supported; see help unicode_advice.
      3. More than 2 billion observations are allowed; see help obs_advice.
      4. Maximum number of variables is set to 5,000; see help set_maxvar.

. do crosswalk.do 

. clear all

. import excel "../../raw/bls/crosswalk/crosswalk.xlsx", cellrange(A5:E1015) sh
> eet("ONET to SOC crosswalk") firstrow
(5 vars, 1,010 obs)

. 
. drop ONETSOC2019Title

. rename ONETSOC2019Code Code

. rename NationalEmploymentMatrixSOCO Description

. rename SOCHybridCode SOCCode

. * drop duplicates
. egen _i = seq(), by(Code)

. drop if _i==2
(12 observations deleted)

. drop if Code=="13-1082.00" & SOCCode=="15-1299"
(1 observation deleted)

. 
. keep Code SOCCode Description

. save "crosswalk.dta", replace
file crosswalk.dta saved

. 
end of do-file
