
  ___  ____  ____  ____  ____ ®
 /__    /   ____/   /   ____/      17.0
___/   /   /___/   /   /___/       MP—Parallel Edition

 Statistics and Data Science       Copyright 1985-2021 StataCorp LLC
                                   StataCorp
                                   4905 Lakeway Drive
                                   College Station, Texas 77845 USA
                                   800-STATA-PC        https://www.stata.com
                                   979-696-4600        stata@stata.com

Stata license: Single-user 2-core  perpetual
Serial number: 501706328764
  Licensed to: Miklos Koren
               CEU MicroData

Notes:
      1. Stata is running in batch mode.
      2. Unicode is supported; see help unicode_advice.
      3. More than 2 billion observations are allowed; see help obs_advice.
      4. Maximum number of variables is set to 5,000; see help set_maxvar.

. do read_risks.do 

. clear all

. * introduce short names for all risk factors
. local risks proximity group face2face customers contact move control operate 
> repair_elect repair_mechanic inspect coach interpersonal care public consult 
> peers coordinate team guide phone email memo

. 
. * face2face context
. local face2face Face-to-Face_Discussions

. * telecommunucation context
. local phone Telephone

. local email Electronic_Mail 

. local memo Letters_and_Memos

. 
. * measures of teamwork
. local group Work_With_Work_Group_or_Team

. local interpersonal Establishing_and_Maintaining_Interpersonal_Relationships

. local consult Provide_Consultation_and_Advice_to_Others

. local peers Communicating_with_Supervisors_Peers_or_Subordinates

. local coordinate Coordinating_the_Work_and_Activities_of_Others

. local team Developing_and_Building_Teams

. local guide Guiding_Directing_and_Motivating_Subordinates

. * measures of customer contact
. local contact Contact_With_Others

. local customers Deal_With_External_Customers

. local coach Coaching_and_Developing_Others

. local care Assisting_and_Caring_for_Others

. local public Performing_for_or_Working_Directly_with_the_Public

. 
. * proxies for onsite work
. local proximity Physical_Proximity

. local move Handling_and_Moving_Objects

. local control Controlling_Machines_and_Processes

. local operate Operating_Vehicles_Mechanized_Devices_or_Equipment

. local repair_elect Repairing_and_Maintaining_Electronic_Equipment

. local repair_mechanic Repairing_and_Maintaining_Mechanical_Equipment

. local inspect Inspecting_Equipment_Structures_or_Material

. 
. tempfile rsk

. generate str Code = ""

. save `rsk', replace emptyok
(dataset contains 0 observations)
(file /var/folders/f4/7drmhl1d5kj3wp1r33jvx32m0000gn/T//St03722.000001 not
    found)
file /var/folders/f4/7drmhl1d5kj3wp1r33jvx32m0000gn/T//St03722.000001 saved
    as .dta format

. 
. foreach risk in `risks' {
  2.         import delimited "../../raw/onet/``risk''.csv", clear case(preserv
> e) varnames(1) numericcols(1)
  3.         capture confirm variable Context
  4.         if (_rc==0) {
  5.                 rename Context `risk'
  6.         }
  7.         else {
  8.                 * Importance and Level are highly correlated, only keep Im
> portance
.                 rename Importance `risk'
  9.                 drop Level
 10.         }
 11.         merge 1:1 Code using `rsk', nogen
 12.         save `rsk', replace
 13. }
(encoding automatically selected: ISO-8859-1)
(3 vars, 873 obs)

    Result                      Number of obs
    -----------------------------------------
    Not matched                           873
        from master                       873  
        from using                          0  

    Matched                                 0  
    -----------------------------------------
file /var/folders/f4/7drmhl1d5kj3wp1r33jvx32m0000gn/T//St03722.000001 saved
    as .dta format
(encoding automatically selected: ISO-8859-1)
(3 vars, 873 obs)

    Result                      Number of obs
    -----------------------------------------
    Not matched                             0
    Matched                               873  
    -----------------------------------------
file /var/folders/f4/7drmhl1d5kj3wp1r33jvx32m0000gn/T//St03722.000001 saved
    as .dta format
(encoding automatically selected: ISO-8859-1)
(3 vars, 873 obs)

    Result                      Number of obs
    -----------------------------------------
    Not matched                             0
    Matched                               873  
    -----------------------------------------
file /var/folders/f4/7drmhl1d5kj3wp1r33jvx32m0000gn/T//St03722.000001 saved
    as .dta format
(encoding automatically selected: ISO-8859-1)
(3 vars, 873 obs)

    Result                      Number of obs
    -----------------------------------------
    Not matched                             0
    Matched                               873  
    -----------------------------------------
file /var/folders/f4/7drmhl1d5kj3wp1r33jvx32m0000gn/T//St03722.000001 saved
    as .dta format
(encoding automatically selected: ISO-8859-1)
(3 vars, 873 obs)

    Result                      Number of obs
    -----------------------------------------
    Not matched                             0
    Matched                               873  
    -----------------------------------------
file /var/folders/f4/7drmhl1d5kj3wp1r33jvx32m0000gn/T//St03722.000001 saved
    as .dta format
(encoding automatically selected: ISO-8859-1)
(4 vars, 873 obs)

    Result                      Number of obs
    -----------------------------------------
    Not matched                             0
    Matched                               873  
    -----------------------------------------
file /var/folders/f4/7drmhl1d5kj3wp1r33jvx32m0000gn/T//St03722.000001 saved
    as .dta format
(encoding automatically selected: ISO-8859-1)
(4 vars, 873 obs)

    Result                      Number of obs
    -----------------------------------------
    Not matched                             0
    Matched                               873  
    -----------------------------------------
file /var/folders/f4/7drmhl1d5kj3wp1r33jvx32m0000gn/T//St03722.000001 saved
    as .dta format
(encoding automatically selected: ISO-8859-1)
(4 vars, 873 obs)

    Result                      Number of obs
    -----------------------------------------
    Not matched                             0
    Matched                               873  
    -----------------------------------------
file /var/folders/f4/7drmhl1d5kj3wp1r33jvx32m0000gn/T//St03722.000001 saved
    as .dta format
(encoding automatically selected: ISO-8859-1)
(4 vars, 873 obs)

    Result                      Number of obs
    -----------------------------------------
    Not matched                             0
    Matched                               873  
    -----------------------------------------
file /var/folders/f4/7drmhl1d5kj3wp1r33jvx32m0000gn/T//St03722.000001 saved
    as .dta format
(encoding automatically selected: ISO-8859-1)
(4 vars, 873 obs)

    Result                      Number of obs
    -----------------------------------------
    Not matched                             0
    Matched                               873  
    -----------------------------------------
file /var/folders/f4/7drmhl1d5kj3wp1r33jvx32m0000gn/T//St03722.000001 saved
    as .dta format
(encoding automatically selected: ISO-8859-1)
(4 vars, 873 obs)

    Result                      Number of obs
    -----------------------------------------
    Not matched                             0
    Matched                               873  
    -----------------------------------------
file /var/folders/f4/7drmhl1d5kj3wp1r33jvx32m0000gn/T//St03722.000001 saved
    as .dta format
(encoding automatically selected: ISO-8859-1)
(4 vars, 873 obs)

    Result                      Number of obs
    -----------------------------------------
    Not matched                             0
    Matched                               873  
    -----------------------------------------
file /var/folders/f4/7drmhl1d5kj3wp1r33jvx32m0000gn/T//St03722.000001 saved
    as .dta format
(encoding automatically selected: ISO-8859-1)
(4 vars, 873 obs)

    Result                      Number of obs
    -----------------------------------------
    Not matched                             0
    Matched                               873  
    -----------------------------------------
file /var/folders/f4/7drmhl1d5kj3wp1r33jvx32m0000gn/T//St03722.000001 saved
    as .dta format
(encoding automatically selected: ISO-8859-1)
(4 vars, 873 obs)

    Result                      Number of obs
    -----------------------------------------
    Not matched                             0
    Matched                               873  
    -----------------------------------------
file /var/folders/f4/7drmhl1d5kj3wp1r33jvx32m0000gn/T//St03722.000001 saved
    as .dta format
(encoding automatically selected: ISO-8859-1)
(4 vars, 873 obs)

    Result                      Number of obs
    -----------------------------------------
    Not matched                             0
    Matched                               873  
    -----------------------------------------
file /var/folders/f4/7drmhl1d5kj3wp1r33jvx32m0000gn/T//St03722.000001 saved
    as .dta format
(encoding automatically selected: ISO-8859-1)
(4 vars, 873 obs)

    Result                      Number of obs
    -----------------------------------------
    Not matched                             0
    Matched                               873  
    -----------------------------------------
file /var/folders/f4/7drmhl1d5kj3wp1r33jvx32m0000gn/T//St03722.000001 saved
    as .dta format
(encoding automatically selected: ISO-8859-1)
(4 vars, 873 obs)

    Result                      Number of obs
    -----------------------------------------
    Not matched                             0
    Matched                               873  
    -----------------------------------------
file /var/folders/f4/7drmhl1d5kj3wp1r33jvx32m0000gn/T//St03722.000001 saved
    as .dta format
(encoding automatically selected: ISO-8859-1)
(4 vars, 873 obs)

    Result                      Number of obs
    -----------------------------------------
    Not matched                             0
    Matched                               873  
    -----------------------------------------
file /var/folders/f4/7drmhl1d5kj3wp1r33jvx32m0000gn/T//St03722.000001 saved
    as .dta format
(encoding automatically selected: ISO-8859-1)
(4 vars, 873 obs)

    Result                      Number of obs
    -----------------------------------------
    Not matched                             0
    Matched                               873  
    -----------------------------------------
file /var/folders/f4/7drmhl1d5kj3wp1r33jvx32m0000gn/T//St03722.000001 saved
    as .dta format
(encoding automatically selected: ISO-8859-1)
(4 vars, 873 obs)

    Result                      Number of obs
    -----------------------------------------
    Not matched                             0
    Matched                               873  
    -----------------------------------------
file /var/folders/f4/7drmhl1d5kj3wp1r33jvx32m0000gn/T//St03722.000001 saved
    as .dta format
(encoding automatically selected: ISO-8859-1)
(3 vars, 873 obs)

    Result                      Number of obs
    -----------------------------------------
    Not matched                             0
    Matched                               873  
    -----------------------------------------
file /var/folders/f4/7drmhl1d5kj3wp1r33jvx32m0000gn/T//St03722.000001 saved
    as .dta format
(encoding automatically selected: ISO-8859-1)
(3 vars, 873 obs)

    Result                      Number of obs
    -----------------------------------------
    Not matched                             0
    Matched                               873  
    -----------------------------------------
file /var/folders/f4/7drmhl1d5kj3wp1r33jvx32m0000gn/T//St03722.000001 saved
    as .dta format
(encoding automatically selected: ISO-8859-1)
(3 vars, 873 obs)

    Result                      Number of obs
    -----------------------------------------
    Not matched                             0
    Matched                               873  
    -----------------------------------------
file /var/folders/f4/7drmhl1d5kj3wp1r33jvx32m0000gn/T//St03722.000001 saved
    as .dta format

. 
. merge 1:1 Code using "crosswalk.dta", nogen keep(master match)

    Result                      Number of obs
    -----------------------------------------
    Not matched                             0
    Matched                               873  
    -----------------------------------------

. * official crosswalk missing for 1 occuopation
. replace SOCCode = substr(Code, 1, 7) if missing(SOCCode)
(0 real changes made)

. 
. * average with SOC occupation
. collapse (mean) `risks', by(SOCCode Description)

. foreach X of var `risks' {
  2.         replace `X' = round(`X')
  3. }
(37 real changes made)
(44 real changes made)
(38 real changes made)
(37 real changes made)
(37 real changes made)
(41 real changes made)
(39 real changes made)
(50 real changes made)
(37 real changes made)
(49 real changes made)
(45 real changes made)
(42 real changes made)
(39 real changes made)
(38 real changes made)
(34 real changes made)
(41 real changes made)
(42 real changes made)
(42 real changes made)
(43 real changes made)
(46 real changes made)
(48 real changes made)
(47 real changes made)
(48 real changes made)

. 
. order SOCCode Description

. export delimited "risks.csv", replace
file risks.csv saved

. 
end of do-file
