
  ___  ____  ____  ____  ____ (R)
 /__    /   ____/   /   ____/
___/   /   /___/   /   /___/   15.0   Copyright 1985-2017 StataCorp LLC
  Statistics/Data Analysis            StataCorp
                                      4905 Lakeway Drive
     MP - Parallel Edition            College Station, Texas 77845 USA
                                      800-STATA-PC        http://www.stata.com
                                      979-696-4600        stata@stata.com
                                      979-696-4601 (fax)

Single-user 2-core Stata perpetual license:
       Serial number:  501506203290
         Licensed to:  Miklos Koren
                       CEU MicroData

Notes:
      1.  Stata is running in batch mode.
      2.  Unicode is supported; see help unicode_advice.
      3.  More than 2 billion observations are allowed; see help obs_advice.
      4.  Maximum number of variables is set to 5000; see help set_maxvar.

. do nyc_zip.do 

. clear all

. import delimited "../data/raw/census/cbp/zcta_county_rel_10.txt", case(preser
> ve) varnames(1)
(24 vars, 44,410 obs)

. 
. keep if (STATE==36) & inlist(COUNTY, 003, 047, 081, 061, 085)
(44,185 observations deleted)

. rename ZCTA5 zip

. keep zip

. 
. save "nyc_zip.dta", replace
file nyc_zip.dta saved

. 
end of do-file
