
  ___  ____  ____  ____  ____ ©
 /__    /   ____/   /   ____/      17.0
___/   /   /___/   /   /___/       MP—Parallel Edition

 Statistics and Data Science       Copyright 1985-2021 StataCorp LLC
                                   StataCorp
                                   4905 Lakeway Drive
                                   College Station, Texas 77845 USA
                                   800-STATA-PC        https://www.stata.com
                                   979-696-4600        stata@stata.com

Stata license: Single-user 2-core  perpetual
Serial number: 501706328764
  Licensed to: Miklos Koren
               CEU MicroData

Notes:
      1. Stata is running in batch mode.
      2. Unicode is supported; see help unicode_advice.
      3. More than 2 billion observations are allowed; see help obs_advice.
      4. Maximum number of variables is set to 5,000; see help set_maxvar.

. do compare_risk_telework.do 

. import delimited "../../clean/dingel-neiman/teleworkable.csv", clear
(encoding automatically selected: ISO-8859-1)
(3 vars, 764 obs)

. rename soccode SOCCode

. merge 1:1 SOCCode using "risks.dta", nogen

    Result                      Number of obs
    -----------------------------------------
    Not matched                            55
        from master                         0  
        from using                         55  

    Matched                               764  
    -----------------------------------------

. 
. foreach X of var teamwork customer presence {
  2.         tabulate `X' telework
  3.         count if `X'==1 & telework==1
  4. }

  Teamwork |
communicat |
       ion |     teleworkable
   (dummy) |         0          1 |     Total
-----------+----------------------+----------
         0 |       420        160 |       580 
         1 |        94         90 |       184 
-----------+----------------------+----------
     Total |       514        250 |       764 
  90

  Customer |
communicat |
       ion |     teleworkable
   (dummy) |         0          1 |     Total
-----------+----------------------+----------
         0 |       365        195 |       560 
         1 |       149         55 |       204 
-----------+----------------------+----------
     Total |       514        250 |       764 
  55

  Physical |
  presence |     teleworkable
   (dummy) |         0          1 |     Total
-----------+----------------------+----------
         0 |       410        250 |       660 
         1 |       104          0 |       104 
-----------+----------------------+----------
     Total |       514        250 |       764 
  0

. 
end of do-file
